=== OpenSSL for Ruby configurator ===
have_func: checking for rb_call_super_kw(0, NULL, 0) in ruby.h... -------------------- yes

LD_LIBRARY_PATH=.:/opt/hostedtoolcache/Ruby/4.0.0/x64/lib LSAN_OPTIONS=detect_leaks=0 "gcc -o conftest -I/opt/hostedtoolcache/Ruby/4.0.0/x64/include/ruby-4.0.0/x86_64-linux -I/opt/hostedtoolcache/Ruby/4.0.0/x64/include/ruby-4.0.0/ruby/backward -I/opt/hostedtoolcache/Ruby/4.0.0/x64/include/ruby-4.0.0 -I. -DENABLE_PATH_CHECK=0   -fstack-protector-strong -U_FORTIFY_SOURCE -D_FORTIFY_SOURCE=2  -O3 -fno-fast-math -ggdb3 -Wall -Wextra -Wdeprecated-declarations -Wdiv-by-zero -Wduplicated-cond -Wimplicit-function-declaration -Wimplicit-int -Wpointer-arith -Wwrite-strings -Wold-style-definition -Wimplicit-fallthrough=0 -Wmissing-noreturn -Wno-cast-function-type -Wno-constant-logical-operand -Wno-long-long -Wno-missing-field-initializers -Wno-overlength-strings -Wno-packed-bitfield-compat -Wno-parentheses-equality -Wno-self-assign -Wno-tautological-compare -Wno-unused-parameter -Wno-unused-value -Wsuggest-attribute=format -Wsuggest-attribute=noreturn -Wunused-variable -Wmisleading-indentation -Wundef  -fPIC conftest.c -L. -L/opt/hostedtoolcache/Ruby/4.0.0/x64/lib -Wl,-rpath,/opt/hostedtoolcache/Ruby/4.0.0/x64/lib -L. -fstack-protector-strong -rdynamic -Wl,-export-dynamic -Wl,--no-as-needed     -Wl,-rpath,/opt/hostedtoolcache/Ruby/4.0.0/x64/lib -L/opt/hostedtoolcache/Ruby/4.0.0/x64/lib -lruby  -lm -lpthread  -lc"
checked program was:
/* begin */
1: #include "ruby.h"
2: 
3: int main(int argc, char **argv)
4: {
5:   return !!argv[argc];
6: }
/* end */

LD_LIBRARY_PATH=.:/opt/hostedtoolcache/Ruby/4.0.0/x64/lib LSAN_OPTIONS=detect_leaks=0 "gcc -o conftest -I/opt/hostedtoolcache/Ruby/4.0.0/x64/include/ruby-4.0.0/x86_64-linux -I/opt/hostedtoolcache/Ruby/4.0.0/x64/include/ruby-4.0.0/ruby/backward -I/opt/hostedtoolcache/Ruby/4.0.0/x64/include/ruby-4.0.0 -I. -DENABLE_PATH_CHECK=0   -fstack-protector-strong -U_FORTIFY_SOURCE -D_FORTIFY_SOURCE=2  -O3 -fno-fast-math -ggdb3 -Wall -Wextra -Wdeprecated-declarations -Wdiv-by-zero -Wduplicated-cond -Wimplicit-function-declaration -Wimplicit-int -Wpointer-arith -Wwrite-strings -Wold-style-definition -Wimplicit-fallthrough=0 -Wmissing-noreturn -Wno-cast-function-type -Wno-constant-logical-operand -Wno-long-long -Wno-missing-field-initializers -Wno-overlength-strings -Wno-packed-bitfield-compat -Wno-parentheses-equality -Wno-self-assign -Wno-tautological-compare -Wno-unused-parameter -Wno-unused-value -Wsuggest-attribute=format -Wsuggest-attribute=noreturn -Wunused-variable -Wmisleading-indentation -Wundef  -fPIC conftest.c -L. -L/opt/hostedtoolcache/Ruby/4.0.0/x64/lib -Wl,-rpath,/opt/hostedtoolcache/Ruby/4.0.0/x64/lib -L. -fstack-protector-strong -rdynamic -Wl,-export-dynamic -Wl,--no-as-needed     -Wl,-rpath,/opt/hostedtoolcache/Ruby/4.0.0/x64/lib -L/opt/hostedtoolcache/Ruby/4.0.0/x64/lib -lruby  -lm -lpthread  -lc"
checked program was:
/* begin */
 1: #include "ruby.h"
 2: 
 3: #include <ruby.h>
 4: 
 5: /*top*/
 6: extern int t(void);
 7: int main(int argc, char **argv)
 8: {
 9:   if (argc > 1000000) {
10:     int (* volatile tp)(void)=(int (*)(void))&t;
11:     printf("%d", (*tp)());
12:   }
13: 
14:   return !!argv[argc];
15: }
16: 
17: int t(void) { rb_call_super_kw(0, NULL, 0); return 0; }
/* end */

--------------------

have_func: checking for rb_io_descriptor() in ruby/io.h... -------------------- yes

LD_LIBRARY_PATH=.:/opt/hostedtoolcache/Ruby/4.0.0/x64/lib LSAN_OPTIONS=detect_leaks=0 "gcc -o conftest -I/opt/hostedtoolcache/Ruby/4.0.0/x64/include/ruby-4.0.0/x86_64-linux -I/opt/hostedtoolcache/Ruby/4.0.0/x64/include/ruby-4.0.0/ruby/backward -I/opt/hostedtoolcache/Ruby/4.0.0/x64/include/ruby-4.0.0 -I. -DENABLE_PATH_CHECK=0   -fstack-protector-strong -U_FORTIFY_SOURCE -D_FORTIFY_SOURCE=2  -O3 -fno-fast-math -ggdb3 -Wall -Wextra -Wdeprecated-declarations -Wdiv-by-zero -Wduplicated-cond -Wimplicit-function-declaration -Wimplicit-int -Wpointer-arith -Wwrite-strings -Wold-style-definition -Wimplicit-fallthrough=0 -Wmissing-noreturn -Wno-cast-function-type -Wno-constant-logical-operand -Wno-long-long -Wno-missing-field-initializers -Wno-overlength-strings -Wno-packed-bitfield-compat -Wno-parentheses-equality -Wno-self-assign -Wno-tautological-compare -Wno-unused-parameter -Wno-unused-value -Wsuggest-attribute=format -Wsuggest-attribute=noreturn -Wunused-variable -Wmisleading-indentation -Wundef  -fPIC conftest.c -L. -L/opt/hostedtoolcache/Ruby/4.0.0/x64/lib -Wl,-rpath,/opt/hostedtoolcache/Ruby/4.0.0/x64/lib -L. -fstack-protector-strong -rdynamic -Wl,-export-dynamic -Wl,--no-as-needed     -Wl,-rpath,/opt/hostedtoolcache/Ruby/4.0.0/x64/lib -L/opt/hostedtoolcache/Ruby/4.0.0/x64/lib -lruby  -lm -lpthread  -lc"
checked program was:
/* begin */
 1: #include "ruby.h"
 2: 
 3: #include <ruby/io.h>
 4: 
 5: /*top*/
 6: extern int t(void);
 7: int main(int argc, char **argv)
 8: {
 9:   if (argc > 1000000) {
10:     int (* volatile tp)(void)=(int (*)(void))&t;
11:     printf("%d", (*tp)());
12:   }
13: 
14:   return !!argv[argc];
15: }
16: int t(void) { void ((*volatile p)()); p = (void ((*)()))rb_io_descriptor; return !p; }
/* end */

--------------------

have_func: checking for rb_io_maybe_wait(0, Qnil, Qnil, Qnil) in ruby/io.h... -------------------- yes

LD_LIBRARY_PATH=.:/opt/hostedtoolcache/Ruby/4.0.0/x64/lib LSAN_OPTIONS=detect_leaks=0 "gcc -o conftest -I/opt/hostedtoolcache/Ruby/4.0.0/x64/include/ruby-4.0.0/x86_64-linux -I/opt/hostedtoolcache/Ruby/4.0.0/x64/include/ruby-4.0.0/ruby/backward -I/opt/hostedtoolcache/Ruby/4.0.0/x64/include/ruby-4.0.0 -I. -DENABLE_PATH_CHECK=0   -fstack-protector-strong -U_FORTIFY_SOURCE -D_FORTIFY_SOURCE=2  -O3 -fno-fast-math -ggdb3 -Wall -Wextra -Wdeprecated-declarations -Wdiv-by-zero -Wduplicated-cond -Wimplicit-function-declaration -Wimplicit-int -Wpointer-arith -Wwrite-strings -Wold-style-definition -Wimplicit-fallthrough=0 -Wmissing-noreturn -Wno-cast-function-type -Wno-constant-logical-operand -Wno-long-long -Wno-missing-field-initializers -Wno-overlength-strings -Wno-packed-bitfield-compat -Wno-parentheses-equality -Wno-self-assign -Wno-tautological-compare -Wno-unused-parameter -Wno-unused-value -Wsuggest-attribute=format -Wsuggest-attribute=noreturn -Wunused-variable -Wmisleading-indentation -Wundef  -fPIC conftest.c -L. -L/opt/hostedtoolcache/Ruby/4.0.0/x64/lib -Wl,-rpath,/opt/hostedtoolcache/Ruby/4.0.0/x64/lib -L. -fstack-protector-strong -rdynamic -Wl,-export-dynamic -Wl,--no-as-needed     -Wl,-rpath,/opt/hostedtoolcache/Ruby/4.0.0/x64/lib -L/opt/hostedtoolcache/Ruby/4.0.0/x64/lib -lruby  -lm -lpthread  -lc"
checked program was:
/* begin */
 1: #include "ruby.h"
 2: 
 3: #include <ruby/io.h>
 4: 
 5: /*top*/
 6: extern int t(void);
 7: int main(int argc, char **argv)
 8: {
 9:   if (argc > 1000000) {
10:     int (* volatile tp)(void)=(int (*)(void))&t;
11:     printf("%d", (*tp)());
12:   }
13: 
14:   return !!argv[argc];
15: }
16: 
17: int t(void) { rb_io_maybe_wait(0, Qnil, Qnil, Qnil); return 0; }
/* end */

--------------------

have_func: checking for rb_io_timeout() in ruby/io.h... -------------------- yes

LD_LIBRARY_PATH=.:/opt/hostedtoolcache/Ruby/4.0.0/x64/lib LSAN_OPTIONS=detect_leaks=0 "gcc -o conftest -I/opt/hostedtoolcache/Ruby/4.0.0/x64/include/ruby-4.0.0/x86_64-linux -I/opt/hostedtoolcache/Ruby/4.0.0/x64/include/ruby-4.0.0/ruby/backward -I/opt/hostedtoolcache/Ruby/4.0.0/x64/include/ruby-4.0.0 -I. -DENABLE_PATH_CHECK=0   -fstack-protector-strong -U_FORTIFY_SOURCE -D_FORTIFY_SOURCE=2  -O3 -fno-fast-math -ggdb3 -Wall -Wextra -Wdeprecated-declarations -Wdiv-by-zero -Wduplicated-cond -Wimplicit-function-declaration -Wimplicit-int -Wpointer-arith -Wwrite-strings -Wold-style-definition -Wimplicit-fallthrough=0 -Wmissing-noreturn -Wno-cast-function-type -Wno-constant-logical-operand -Wno-long-long -Wno-missing-field-initializers -Wno-overlength-strings -Wno-packed-bitfield-compat -Wno-parentheses-equality -Wno-self-assign -Wno-tautological-compare -Wno-unused-parameter -Wno-unused-value -Wsuggest-attribute=format -Wsuggest-attribute=noreturn -Wunused-variable -Wmisleading-indentation -Wundef  -fPIC conftest.c -L. -L/opt/hostedtoolcache/Ruby/4.0.0/x64/lib -Wl,-rpath,/opt/hostedtoolcache/Ruby/4.0.0/x64/lib -L. -fstack-protector-strong -rdynamic -Wl,-export-dynamic -Wl,--no-as-needed     -Wl,-rpath,/opt/hostedtoolcache/Ruby/4.0.0/x64/lib -L/opt/hostedtoolcache/Ruby/4.0.0/x64/lib -lruby  -lm -lpthread  -lc"
checked program was:
/* begin */
 1: #include "ruby.h"
 2: 
 3: #include <ruby/io.h>
 4: 
 5: /*top*/
 6: extern int t(void);
 7: int main(int argc, char **argv)
 8: {
 9:   if (argc > 1000000) {
10:     int (* volatile tp)(void)=(int (*)(void))&t;
11:     printf("%d", (*tp)());
12:   }
13: 
14:   return !!argv[argc];
15: }
16: int t(void) { void ((*volatile p)()); p = (void ((*)()))rb_io_timeout; return !p; }
/* end */

--------------------

=== Checking for system dependent stuff... ===
have_library: checking for t_open() in -lnsl... -------------------- no

LD_LIBRARY_PATH=.:/opt/hostedtoolcache/Ruby/4.0.0/x64/lib LSAN_OPTIONS=detect_leaks=0 "gcc -o conftest -I/opt/hostedtoolcache/Ruby/4.0.0/x64/include/ruby-4.0.0/x86_64-linux -I/opt/hostedtoolcache/Ruby/4.0.0/x64/include/ruby-4.0.0/ruby/backward -I/opt/hostedtoolcache/Ruby/4.0.0/x64/include/ruby-4.0.0 -I. -DENABLE_PATH_CHECK=0   -fstack-protector-strong -U_FORTIFY_SOURCE -D_FORTIFY_SOURCE=2  -O3 -fno-fast-math -ggdb3 -Wall -Wextra -Wdeprecated-declarations -Wdiv-by-zero -Wduplicated-cond -Wimplicit-function-declaration -Wimplicit-int -Wpointer-arith -Wwrite-strings -Wold-style-definition -Wimplicit-fallthrough=0 -Wmissing-noreturn -Wno-cast-function-type -Wno-constant-logical-operand -Wno-long-long -Wno-missing-field-initializers -Wno-overlength-strings -Wno-packed-bitfield-compat -Wno-parentheses-equality -Wno-self-assign -Wno-tautological-compare -Wno-unused-parameter -Wno-unused-value -Wsuggest-attribute=format -Wsuggest-attribute=noreturn -Wunused-variable -Wmisleading-indentation -Wundef  -fPIC conftest.c -L. -L/opt/hostedtoolcache/Ruby/4.0.0/x64/lib -Wl,-rpath,/opt/hostedtoolcache/Ruby/4.0.0/x64/lib -L. -fstack-protector-strong -rdynamic -Wl,-export-dynamic -Wl,--no-as-needed     -Wl,-rpath,/opt/hostedtoolcache/Ruby/4.0.0/x64/lib -L/opt/hostedtoolcache/Ruby/4.0.0/x64/lib -lruby -lnsl  -lm -lpthread  -lc"
conftest.c: In function ‘t’:
conftest.c:14:57: error: ‘t_open’ undeclared (first use in this function); did you mean ‘popen’?
   14 | int t(void) { void ((*volatile p)()); p = (void ((*)()))t_open; return !p; }
      |                                                         ^~~~~~
      |                                                         popen
conftest.c:14:57: note: each undeclared identifier is reported only once for each function it appears in
At top level:
cc1: note: unrecognized command-line option ‘-Wno-self-assign’ may have been intended to silence earlier diagnostics
cc1: note: unrecognized command-line option ‘-Wno-parentheses-equality’ may have been intended to silence earlier diagnostics
cc1: note: unrecognized command-line option ‘-Wno-constant-logical-operand’ may have been intended to silence earlier diagnostics
checked program was:
/* begin */
 1: #include "ruby.h"
 2: 
 3: /*top*/
 4: extern int t(void);
 5: int main(int argc, char **argv)
 6: {
 7:   if (argc > 1000000) {
 8:     int (* volatile tp)(void)=(int (*)(void))&t;
 9:     printf("%d", (*tp)());
10:   }
11: 
12:   return !!argv[argc];
13: }
14: int t(void) { void ((*volatile p)()); p = (void ((*)()))t_open; return !p; }
/* end */

LD_LIBRARY_PATH=.:/opt/hostedtoolcache/Ruby/4.0.0/x64/lib LSAN_OPTIONS=detect_leaks=0 "gcc -o conftest -I/opt/hostedtoolcache/Ruby/4.0.0/x64/include/ruby-4.0.0/x86_64-linux -I/opt/hostedtoolcache/Ruby/4.0.0/x64/include/ruby-4.0.0/ruby/backward -I/opt/hostedtoolcache/Ruby/4.0.0/x64/include/ruby-4.0.0 -I. -DENABLE_PATH_CHECK=0   -fstack-protector-strong -U_FORTIFY_SOURCE -D_FORTIFY_SOURCE=2  -O3 -fno-fast-math -ggdb3 -Wall -Wextra -Wdeprecated-declarations -Wdiv-by-zero -Wduplicated-cond -Wimplicit-function-declaration -Wimplicit-int -Wpointer-arith -Wwrite-strings -Wold-style-definition -Wimplicit-fallthrough=0 -Wmissing-noreturn -Wno-cast-function-type -Wno-constant-logical-operand -Wno-long-long -Wno-missing-field-initializers -Wno-overlength-strings -Wno-packed-bitfield-compat -Wno-parentheses-equality -Wno-self-assign -Wno-tautological-compare -Wno-unused-parameter -Wno-unused-value -Wsuggest-attribute=format -Wsuggest-attribute=noreturn -Wunused-variable -Wmisleading-indentation -Wundef  -fPIC conftest.c -L. -L/opt/hostedtoolcache/Ruby/4.0.0/x64/lib -Wl,-rpath,/opt/hostedtoolcache/Ruby/4.0.0/x64/lib -L. -fstack-protector-strong -rdynamic -Wl,-export-dynamic -Wl,--no-as-needed     -Wl,-rpath,/opt/hostedtoolcache/Ruby/4.0.0/x64/lib -L/opt/hostedtoolcache/Ruby/4.0.0/x64/lib -lruby -lnsl  -lm -lpthread  -lc"
/usr/bin/ld: cannot find -lnsl: No such file or directory
collect2: error: ld returned 1 exit status
checked program was:
/* begin */
 1: #include "ruby.h"
 2: 
 3: /*top*/
 4: extern int t(void);
 5: int main(int argc, char **argv)
 6: {
 7:   if (argc > 1000000) {
 8:     int (* volatile tp)(void)=(int (*)(void))&t;
 9:     printf("%d", (*tp)());
10:   }
11: 
12:   return !!argv[argc];
13: }
14: extern void t_open();
15: int t(void) { t_open(); return 0; }
/* end */

--------------------

have_library: checking for socket() in -lsocket... -------------------- no

LD_LIBRARY_PATH=.:/opt/hostedtoolcache/Ruby/4.0.0/x64/lib LSAN_OPTIONS=detect_leaks=0 "gcc -o conftest -I/opt/hostedtoolcache/Ruby/4.0.0/x64/include/ruby-4.0.0/x86_64-linux -I/opt/hostedtoolcache/Ruby/4.0.0/x64/include/ruby-4.0.0/ruby/backward -I/opt/hostedtoolcache/Ruby/4.0.0/x64/include/ruby-4.0.0 -I. -DENABLE_PATH_CHECK=0   -fstack-protector-strong -U_FORTIFY_SOURCE -D_FORTIFY_SOURCE=2  -O3 -fno-fast-math -ggdb3 -Wall -Wextra -Wdeprecated-declarations -Wdiv-by-zero -Wduplicated-cond -Wimplicit-function-declaration -Wimplicit-int -Wpointer-arith -Wwrite-strings -Wold-style-definition -Wimplicit-fallthrough=0 -Wmissing-noreturn -Wno-cast-function-type -Wno-constant-logical-operand -Wno-long-long -Wno-missing-field-initializers -Wno-overlength-strings -Wno-packed-bitfield-compat -Wno-parentheses-equality -Wno-self-assign -Wno-tautological-compare -Wno-unused-parameter -Wno-unused-value -Wsuggest-attribute=format -Wsuggest-attribute=noreturn -Wunused-variable -Wmisleading-indentation -Wundef  -fPIC conftest.c -L. -L/opt/hostedtoolcache/Ruby/4.0.0/x64/lib -Wl,-rpath,/opt/hostedtoolcache/Ruby/4.0.0/x64/lib -L. -fstack-protector-strong -rdynamic -Wl,-export-dynamic -Wl,--no-as-needed     -Wl,-rpath,/opt/hostedtoolcache/Ruby/4.0.0/x64/lib -L/opt/hostedtoolcache/Ruby/4.0.0/x64/lib -lruby -lsocket  -lm -lpthread  -lc"
conftest.c: In function ‘t’:
conftest.c:14:57: error: ‘socket’ undeclared (first use in this function)
   14 | int t(void) { void ((*volatile p)()); p = (void ((*)()))socket; return !p; }
      |                                                         ^~~~~~
conftest.c:14:57: note: each undeclared identifier is reported only once for each function it appears in
At top level:
cc1: note: unrecognized command-line option ‘-Wno-self-assign’ may have been intended to silence earlier diagnostics
cc1: note: unrecognized command-line option ‘-Wno-parentheses-equality’ may have been intended to silence earlier diagnostics
cc1: note: unrecognized command-line option ‘-Wno-constant-logical-operand’ may have been intended to silence earlier diagnostics
checked program was:
/* begin */
 1: #include "ruby.h"
 2: 
 3: /*top*/
 4: extern int t(void);
 5: int main(int argc, char **argv)
 6: {
 7:   if (argc > 1000000) {
 8:     int (* volatile tp)(void)=(int (*)(void))&t;
 9:     printf("%d", (*tp)());
10:   }
11: 
12:   return !!argv[argc];
13: }
14: int t(void) { void ((*volatile p)()); p = (void ((*)()))socket; return !p; }
/* end */

LD_LIBRARY_PATH=.:/opt/hostedtoolcache/Ruby/4.0.0/x64/lib LSAN_OPTIONS=detect_leaks=0 "gcc -o conftest -I/opt/hostedtoolcache/Ruby/4.0.0/x64/include/ruby-4.0.0/x86_64-linux -I/opt/hostedtoolcache/Ruby/4.0.0/x64/include/ruby-4.0.0/ruby/backward -I/opt/hostedtoolcache/Ruby/4.0.0/x64/include/ruby-4.0.0 -I. -DENABLE_PATH_CHECK=0   -fstack-protector-strong -U_FORTIFY_SOURCE -D_FORTIFY_SOURCE=2  -O3 -fno-fast-math -ggdb3 -Wall -Wextra -Wdeprecated-declarations -Wdiv-by-zero -Wduplicated-cond -Wimplicit-function-declaration -Wimplicit-int -Wpointer-arith -Wwrite-strings -Wold-style-definition -Wimplicit-fallthrough=0 -Wmissing-noreturn -Wno-cast-function-type -Wno-constant-logical-operand -Wno-long-long -Wno-missing-field-initializers -Wno-overlength-strings -Wno-packed-bitfield-compat -Wno-parentheses-equality -Wno-self-assign -Wno-tautological-compare -Wno-unused-parameter -Wno-unused-value -Wsuggest-attribute=format -Wsuggest-attribute=noreturn -Wunused-variable -Wmisleading-indentation -Wundef  -fPIC conftest.c -L. -L/opt/hostedtoolcache/Ruby/4.0.0/x64/lib -Wl,-rpath,/opt/hostedtoolcache/Ruby/4.0.0/x64/lib -L. -fstack-protector-strong -rdynamic -Wl,-export-dynamic -Wl,--no-as-needed     -Wl,-rpath,/opt/hostedtoolcache/Ruby/4.0.0/x64/lib -L/opt/hostedtoolcache/Ruby/4.0.0/x64/lib -lruby -lsocket  -lm -lpthread  -lc"
/usr/bin/ld: cannot find -lsocket: No such file or directory
collect2: error: ld returned 1 exit status
checked program was:
/* begin */
 1: #include "ruby.h"
 2: 
 3: /*top*/
 4: extern int t(void);
 5: int main(int argc, char **argv)
 6: {
 7:   if (argc > 1000000) {
 8:     int (* volatile tp)(void)=(int (*)(void))&t;
 9:     printf("%d", (*tp)());
10:   }
11: 
12:   return !!argv[argc];
13: }
14: extern void socket();
15: int t(void) { socket(); return 0; }
/* end */

--------------------

=== Checking for required stuff... ===
pkg_config: checking for pkg-config for openssl... -------------------- [" ", "", "-lssl -lcrypto"]

LD_LIBRARY_PATH=.:/opt/hostedtoolcache/Ruby/4.0.0/x64/lib LSAN_OPTIONS=detect_leaks=0 pkg-config --exists openssl
LD_LIBRARY_PATH=.:/opt/hostedtoolcache/Ruby/4.0.0/x64/lib LSAN_OPTIONS=detect_leaks=0 pkg-config --libs openssl |
=> "-lssl -lcrypto \n"
LD_LIBRARY_PATH=.:/opt/hostedtoolcache/Ruby/4.0.0/x64/lib LSAN_OPTIONS=detect_leaks=0 "gcc -o conftest -I/opt/hostedtoolcache/Ruby/4.0.0/x64/include/ruby-4.0.0/x86_64-linux -I/opt/hostedtoolcache/Ruby/4.0.0/x64/include/ruby-4.0.0/ruby/backward -I/opt/hostedtoolcache/Ruby/4.0.0/x64/include/ruby-4.0.0 -I. -DENABLE_PATH_CHECK=0   -fstack-protector-strong -U_FORTIFY_SOURCE -D_FORTIFY_SOURCE=2  -O3 -fno-fast-math -ggdb3 -Wall -Wextra -Wdeprecated-declarations -Wdiv-by-zero -Wduplicated-cond -Wimplicit-function-declaration -Wimplicit-int -Wpointer-arith -Wwrite-strings -Wold-style-definition -Wimplicit-fallthrough=0 -Wmissing-noreturn -Wno-cast-function-type -Wno-constant-logical-operand -Wno-long-long -Wno-missing-field-initializers -Wno-overlength-strings -Wno-packed-bitfield-compat -Wno-parentheses-equality -Wno-self-assign -Wno-tautological-compare -Wno-unused-parameter -Wno-unused-value -Wsuggest-attribute=format -Wsuggest-attribute=noreturn -Wunused-variable -Wmisleading-indentation -Wundef  -fPIC conftest.c -L. -L/opt/hostedtoolcache/Ruby/4.0.0/x64/lib -Wl,-rpath,/opt/hostedtoolcache/Ruby/4.0.0/x64/lib -L. -fstack-protector-strong -rdynamic -Wl,-export-dynamic -Wl,--no-as-needed -lssl -lcrypto    -Wl,-rpath,/opt/hostedtoolcache/Ruby/4.0.0/x64/lib -L/opt/hostedtoolcache/Ruby/4.0.0/x64/lib -lruby  -lm -lpthread  -lc"
checked program was:
/* begin */
1: #include "ruby.h"
2: 
3: int main(int argc, char **argv)
4: {
5:   return !!argv[argc];
6: }
/* end */

LD_LIBRARY_PATH=.:/opt/hostedtoolcache/Ruby/4.0.0/x64/lib LSAN_OPTIONS=detect_leaks=0 pkg-config --cflags-only-I openssl |
=> "\n"
LD_LIBRARY_PATH=.:/opt/hostedtoolcache/Ruby/4.0.0/x64/lib LSAN_OPTIONS=detect_leaks=0 pkg-config --cflags-only-other openssl |
=> "\n"
LD_LIBRARY_PATH=.:/opt/hostedtoolcache/Ruby/4.0.0/x64/lib LSAN_OPTIONS=detect_leaks=0 pkg-config --libs-only-l openssl |
=> "-lssl -lcrypto \n"
package configuration for openssl
incflags: 
cflags: 
ldflags: 
libs: -lssl -lcrypto

--------------------

have_header: checking for openssl/ssl.h... -------------------- yes

LD_LIBRARY_PATH=.:/opt/hostedtoolcache/Ruby/4.0.0/x64/lib LSAN_OPTIONS=detect_leaks=0 "gcc -I/opt/hostedtoolcache/Ruby/4.0.0/x64/include/ruby-4.0.0/x86_64-linux -I/opt/hostedtoolcache/Ruby/4.0.0/x64/include/ruby-4.0.0/ruby/backward -I/opt/hostedtoolcache/Ruby/4.0.0/x64/include/ruby-4.0.0 -I.  -DENABLE_PATH_CHECK=0   -fstack-protector-strong -U_FORTIFY_SOURCE -D_FORTIFY_SOURCE=2  -O3 -fno-fast-math -ggdb3 -Wall -Wextra -Wdeprecated-declarations -Wdiv-by-zero -Wduplicated-cond -Wimplicit-function-declaration -Wimplicit-int -Wpointer-arith -Wwrite-strings -Wold-style-definition -Wimplicit-fallthrough=0 -Wmissing-noreturn -Wno-cast-function-type -Wno-constant-logical-operand -Wno-long-long -Wno-missing-field-initializers -Wno-overlength-strings -Wno-packed-bitfield-compat -Wno-parentheses-equality -Wno-self-assign -Wno-tautological-compare -Wno-unused-parameter -Wno-unused-value -Wsuggest-attribute=format -Wsuggest-attribute=noreturn -Wunused-variable -Wmisleading-indentation -Wundef  -fPIC    -c conftest.c"
checked program was:
/* begin */
1: #include "ruby.h"
2: 
3: #include <openssl/ssl.h>
/* end */

--------------------

have_macro: checking for LIBRESSL_VERSION_NUMBER in openssl/opensslv.h... -------------------- no

LD_LIBRARY_PATH=.:/opt/hostedtoolcache/Ruby/4.0.0/x64/lib LSAN_OPTIONS=detect_leaks=0 "gcc -I/opt/hostedtoolcache/Ruby/4.0.0/x64/include/ruby-4.0.0/x86_64-linux -I/opt/hostedtoolcache/Ruby/4.0.0/x64/include/ruby-4.0.0/ruby/backward -I/opt/hostedtoolcache/Ruby/4.0.0/x64/include/ruby-4.0.0 -I.  -DENABLE_PATH_CHECK=0   -fstack-protector-strong -U_FORTIFY_SOURCE -D_FORTIFY_SOURCE=2  -O3 -fno-fast-math -ggdb3 -Wall -Wextra -Wdeprecated-declarations -Wdiv-by-zero -Wduplicated-cond -Wimplicit-function-declaration -Wimplicit-int -Wpointer-arith -Wwrite-strings -Wold-style-definition -Wimplicit-fallthrough=0 -Wmissing-noreturn -Wno-cast-function-type -Wno-constant-logical-operand -Wno-long-long -Wno-missing-field-initializers -Wno-overlength-strings -Wno-packed-bitfield-compat -Wno-parentheses-equality -Wno-self-assign -Wno-tautological-compare -Wno-unused-parameter -Wno-unused-value -Wsuggest-attribute=format -Wsuggest-attribute=noreturn -Wunused-variable -Wmisleading-indentation -Wundef  -fPIC    -c conftest.c"
conftest.c:6:3: error: #error 
    6 | # error
      |   ^~~~~
conftest.c:7:1: error: expected identifier or ‘(’ before ‘|’ token
    7 | |:/ === LIBRESSL_VERSION_NUMBER undefined === /:|
      | ^
cc1: note: unrecognized command-line option ‘-Wno-self-assign’ may have been intended to silence earlier diagnostics
cc1: note: unrecognized command-line option ‘-Wno-parentheses-equality’ may have been intended to silence earlier diagnostics
cc1: note: unrecognized command-line option ‘-Wno-constant-logical-operand’ may have been intended to silence earlier diagnostics
checked program was:
/* begin */
1: #include "ruby.h"
2: 
3: #include <openssl/opensslv.h>
4: /*top*/
5: #ifndef LIBRESSL_VERSION_NUMBER
6: # error
7: |:/ === LIBRESSL_VERSION_NUMBER undefined === /:|
8: #endif
/* end */

--------------------

checking for OpenSSL version >= 1.1.1... -------------------- yes

LD_LIBRARY_PATH=.:/opt/hostedtoolcache/Ruby/4.0.0/x64/lib LSAN_OPTIONS=detect_leaks=0 "gcc -I/opt/hostedtoolcache/Ruby/4.0.0/x64/include/ruby-4.0.0/x86_64-linux -I/opt/hostedtoolcache/Ruby/4.0.0/x64/include/ruby-4.0.0/ruby/backward -I/opt/hostedtoolcache/Ruby/4.0.0/x64/include/ruby-4.0.0 -I.  -DENABLE_PATH_CHECK=0   -fstack-protector-strong -U_FORTIFY_SOURCE -D_FORTIFY_SOURCE=2  -O3 -fno-fast-math -ggdb3 -Wall -Wextra -Wdeprecated-declarations -Wdiv-by-zero -Wduplicated-cond -Wimplicit-function-declaration -Wimplicit-int -Wpointer-arith -Wwrite-strings -Wold-style-definition -Wimplicit-fallthrough=0 -Wmissing-noreturn -Wno-cast-function-type -Wno-constant-logical-operand -Wno-long-long -Wno-missing-field-initializers -Wno-overlength-strings -Wno-packed-bitfield-compat -Wno-parentheses-equality -Wno-self-assign -Wno-tautological-compare -Wno-unused-parameter -Wno-unused-value -Wsuggest-attribute=format -Wsuggest-attribute=noreturn -Wunused-variable -Wmisleading-indentation -Wundef  -fPIC    -c conftest.c"
checked program was:
/* begin */
1: #include "ruby.h"
2: 
3: #include <openssl/opensslv.h>
4: 
5: /*top*/
6: int conftest_const[(OPENSSL_VERSION_NUMBER >= 0x10101000L) ? 1 : -1];
/* end */

--------------------

=== Checking for OpenSSL features... ===
have_func: checking for RAND_egd() in openssl/rand.h... -------------------- no

LD_LIBRARY_PATH=.:/opt/hostedtoolcache/Ruby/4.0.0/x64/lib LSAN_OPTIONS=detect_leaks=0 "gcc -o conftest -I/opt/hostedtoolcache/Ruby/4.0.0/x64/include/ruby-4.0.0/x86_64-linux -I/opt/hostedtoolcache/Ruby/4.0.0/x64/include/ruby-4.0.0/ruby/backward -I/opt/hostedtoolcache/Ruby/4.0.0/x64/include/ruby-4.0.0 -I.  -DENABLE_PATH_CHECK=0   -fstack-protector-strong -U_FORTIFY_SOURCE -D_FORTIFY_SOURCE=2  -O3 -fno-fast-math -ggdb3 -Wall -Wextra -Wdeprecated-declarations -Wdiv-by-zero -Wduplicated-cond -Wimplicit-function-declaration -Wimplicit-int -Wpointer-arith -Wwrite-strings -Wold-style-definition -Wimplicit-fallthrough=0 -Wmissing-noreturn -Wno-cast-function-type -Wno-constant-logical-operand -Wno-long-long -Wno-missing-field-initializers -Wno-overlength-strings -Wno-packed-bitfield-compat -Wno-parentheses-equality -Wno-self-assign -Wno-tautological-compare -Wno-unused-parameter -Wno-unused-value -Wsuggest-attribute=format -Wsuggest-attribute=noreturn -Wunused-variable -Wmisleading-indentation -Wundef  -fPIC  conftest.c -L. -L/opt/hostedtoolcache/Ruby/4.0.0/x64/lib -Wl,-rpath,/opt/hostedtoolcache/Ruby/4.0.0/x64/lib -L. -fstack-protector-strong -rdynamic -Wl,-export-dynamic -Wl,--no-as-needed      -lssl -lcrypto -Wl,-rpath,/opt/hostedtoolcache/Ruby/4.0.0/x64/lib -L/opt/hostedtoolcache/Ruby/4.0.0/x64/lib -lruby  -lssl -lcrypto -lm -lpthread  -lc"
conftest.c: In function ‘t’:
conftest.c:17:15: warning: implicit declaration of function ‘RAND_egd’; did you mean ‘RAND_add’? [-Wimplicit-function-declaration]
   17 | int t(void) { RAND_egd(); return 0; }
      |               ^~~~~~~~
      |               RAND_add
At top level:
cc1: note: unrecognized command-line option ‘-Wno-self-assign’ may have been intended to silence earlier diagnostics
cc1: note: unrecognized command-line option ‘-Wno-parentheses-equality’ may have been intended to silence earlier diagnostics
cc1: note: unrecognized command-line option ‘-Wno-constant-logical-operand’ may have been intended to silence earlier diagnostics
/usr/bin/ld: /tmp/ccgpvBHs.o: in function `t':
/home/runner/work/peddler/peddler/vendor/bundle/ruby/4.0.0/gems/openssl-4.0.0/ext/openssl/conftest.c:17:(.text+0xb): undefined reference to `RAND_egd'
collect2: error: ld returned 1 exit status
checked program was:
/* begin */
 1: #include "ruby.h"
 2: 
 3: #include <openssl/rand.h>
 4: 
 5: /*top*/
 6: extern int t(void);
 7: int main(int argc, char **argv)
 8: {
 9:   if (argc > 1000000) {
10:     int (* volatile tp)(void)=(int (*)(void))&t;
11:     printf("%d", (*tp)());
12:   }
13: 
14:   return !!argv[argc];
15: }
16: 
17: int t(void) { RAND_egd(); return 0; }
/* end */

--------------------

have_func: checking for SSL_CTX_set1_sigalgs_list(NULL, NULL) in openssl/ssl.h... -------------------- yes

LD_LIBRARY_PATH=.:/opt/hostedtoolcache/Ruby/4.0.0/x64/lib LSAN_OPTIONS=detect_leaks=0 "gcc -o conftest -I/opt/hostedtoolcache/Ruby/4.0.0/x64/include/ruby-4.0.0/x86_64-linux -I/opt/hostedtoolcache/Ruby/4.0.0/x64/include/ruby-4.0.0/ruby/backward -I/opt/hostedtoolcache/Ruby/4.0.0/x64/include/ruby-4.0.0 -I.  -DENABLE_PATH_CHECK=0   -fstack-protector-strong -U_FORTIFY_SOURCE -D_FORTIFY_SOURCE=2  -O3 -fno-fast-math -ggdb3 -Wall -Wextra -Wdeprecated-declarations -Wdiv-by-zero -Wduplicated-cond -Wimplicit-function-declaration -Wimplicit-int -Wpointer-arith -Wwrite-strings -Wold-style-definition -Wimplicit-fallthrough=0 -Wmissing-noreturn -Wno-cast-function-type -Wno-constant-logical-operand -Wno-long-long -Wno-missing-field-initializers -Wno-overlength-strings -Wno-packed-bitfield-compat -Wno-parentheses-equality -Wno-self-assign -Wno-tautological-compare -Wno-unused-parameter -Wno-unused-value -Wsuggest-attribute=format -Wsuggest-attribute=noreturn -Wunused-variable -Wmisleading-indentation -Wundef  -fPIC  conftest.c -L. -L/opt/hostedtoolcache/Ruby/4.0.0/x64/lib -Wl,-rpath,/opt/hostedtoolcache/Ruby/4.0.0/x64/lib -L. -fstack-protector-strong -rdynamic -Wl,-export-dynamic -Wl,--no-as-needed      -lssl -lcrypto -Wl,-rpath,/opt/hostedtoolcache/Ruby/4.0.0/x64/lib -L/opt/hostedtoolcache/Ruby/4.0.0/x64/lib -lruby  -lssl -lcrypto -lm -lpthread  -lc"
checked program was:
/* begin */
 1: #include "ruby.h"
 2: 
 3: #include <openssl/ssl.h>
 4: 
 5: /*top*/
 6: extern int t(void);
 7: int main(int argc, char **argv)
 8: {
 9:   if (argc > 1000000) {
10:     int (* volatile tp)(void)=(int (*)(void))&t;
11:     printf("%d", (*tp)());
12:   }
13: 
14:   return !!argv[argc];
15: }
16: 
17: int t(void) { SSL_CTX_set1_sigalgs_list(NULL, NULL); return 0; }
/* end */

--------------------

have_func: checking for SSL_CTX_set1_client_sigalgs_list(NULL, NULL) in openssl/ssl.h... -------------------- yes

LD_LIBRARY_PATH=.:/opt/hostedtoolcache/Ruby/4.0.0/x64/lib LSAN_OPTIONS=detect_leaks=0 "gcc -o conftest -I/opt/hostedtoolcache/Ruby/4.0.0/x64/include/ruby-4.0.0/x86_64-linux -I/opt/hostedtoolcache/Ruby/4.0.0/x64/include/ruby-4.0.0/ruby/backward -I/opt/hostedtoolcache/Ruby/4.0.0/x64/include/ruby-4.0.0 -I.  -DENABLE_PATH_CHECK=0   -fstack-protector-strong -U_FORTIFY_SOURCE -D_FORTIFY_SOURCE=2  -O3 -fno-fast-math -ggdb3 -Wall -Wextra -Wdeprecated-declarations -Wdiv-by-zero -Wduplicated-cond -Wimplicit-function-declaration -Wimplicit-int -Wpointer-arith -Wwrite-strings -Wold-style-definition -Wimplicit-fallthrough=0 -Wmissing-noreturn -Wno-cast-function-type -Wno-constant-logical-operand -Wno-long-long -Wno-missing-field-initializers -Wno-overlength-strings -Wno-packed-bitfield-compat -Wno-parentheses-equality -Wno-self-assign -Wno-tautological-compare -Wno-unused-parameter -Wno-unused-value -Wsuggest-attribute=format -Wsuggest-attribute=noreturn -Wunused-variable -Wmisleading-indentation -Wundef  -fPIC  conftest.c -L. -L/opt/hostedtoolcache/Ruby/4.0.0/x64/lib -Wl,-rpath,/opt/hostedtoolcache/Ruby/4.0.0/x64/lib -L. -fstack-protector-strong -rdynamic -Wl,-export-dynamic -Wl,--no-as-needed      -lssl -lcrypto -Wl,-rpath,/opt/hostedtoolcache/Ruby/4.0.0/x64/lib -L/opt/hostedtoolcache/Ruby/4.0.0/x64/lib -lruby  -lssl -lcrypto -lm -lpthread  -lc"
checked program was:
/* begin */
 1: #include "ruby.h"
 2: 
 3: #include <openssl/ssl.h>
 4: 
 5: /*top*/
 6: extern int t(void);
 7: int main(int argc, char **argv)
 8: {
 9:   if (argc > 1000000) {
10:     int (* volatile tp)(void)=(int (*)(void))&t;
11:     printf("%d", (*tp)());
12:   }
13: 
14:   return !!argv[argc];
15: }
16: 
17: int t(void) { SSL_CTX_set1_client_sigalgs_list(NULL, NULL); return 0; }
/* end */

--------------------

have_func: checking for EVP_PBE_scrypt("", 0, (unsigned char *)"", 0, 0, 0, 0, 0, NULL, 0) in openssl/evp.h... -------------------- yes

LD_LIBRARY_PATH=.:/opt/hostedtoolcache/Ruby/4.0.0/x64/lib LSAN_OPTIONS=detect_leaks=0 "gcc -o conftest -I/opt/hostedtoolcache/Ruby/4.0.0/x64/include/ruby-4.0.0/x86_64-linux -I/opt/hostedtoolcache/Ruby/4.0.0/x64/include/ruby-4.0.0/ruby/backward -I/opt/hostedtoolcache/Ruby/4.0.0/x64/include/ruby-4.0.0 -I.  -DENABLE_PATH_CHECK=0   -fstack-protector-strong -U_FORTIFY_SOURCE -D_FORTIFY_SOURCE=2  -O3 -fno-fast-math -ggdb3 -Wall -Wextra -Wdeprecated-declarations -Wdiv-by-zero -Wduplicated-cond -Wimplicit-function-declaration -Wimplicit-int -Wpointer-arith -Wwrite-strings -Wold-style-definition -Wimplicit-fallthrough=0 -Wmissing-noreturn -Wno-cast-function-type -Wno-constant-logical-operand -Wno-long-long -Wno-missing-field-initializers -Wno-overlength-strings -Wno-packed-bitfield-compat -Wno-parentheses-equality -Wno-self-assign -Wno-tautological-compare -Wno-unused-parameter -Wno-unused-value -Wsuggest-attribute=format -Wsuggest-attribute=noreturn -Wunused-variable -Wmisleading-indentation -Wundef  -fPIC  conftest.c -L. -L/opt/hostedtoolcache/Ruby/4.0.0/x64/lib -Wl,-rpath,/opt/hostedtoolcache/Ruby/4.0.0/x64/lib -L. -fstack-protector-strong -rdynamic -Wl,-export-dynamic -Wl,--no-as-needed      -lssl -lcrypto -Wl,-rpath,/opt/hostedtoolcache/Ruby/4.0.0/x64/lib -L/opt/hostedtoolcache/Ruby/4.0.0/x64/lib -lruby  -lssl -lcrypto -lm -lpthread  -lc"
checked program was:
/* begin */
 1: #include "ruby.h"
 2: 
 3: #include <openssl/evp.h>
 4: 
 5: /*top*/
 6: extern int t(void);
 7: int main(int argc, char **argv)
 8: {
 9:   if (argc > 1000000) {
10:     int (* volatile tp)(void)=(int (*)(void))&t;
11:     printf("%d", (*tp)());
12:   }
13: 
14:   return !!argv[argc];
15: }
16: 
17: int t(void) { char s1[1024] = "", s2[1024] = ""; EVP_PBE_scrypt(s1, 0, (unsigned char *)s2, 0, 0, 0, 0, 0, NULL, 0); return 0; }
/* end */

--------------------

have_func: checking for EVP_PKEY_check(NULL) in openssl/evp.h... -------------------- yes

LD_LIBRARY_PATH=.:/opt/hostedtoolcache/Ruby/4.0.0/x64/lib LSAN_OPTIONS=detect_leaks=0 "gcc -o conftest -I/opt/hostedtoolcache/Ruby/4.0.0/x64/include/ruby-4.0.0/x86_64-linux -I/opt/hostedtoolcache/Ruby/4.0.0/x64/include/ruby-4.0.0/ruby/backward -I/opt/hostedtoolcache/Ruby/4.0.0/x64/include/ruby-4.0.0 -I.  -DENABLE_PATH_CHECK=0   -fstack-protector-strong -U_FORTIFY_SOURCE -D_FORTIFY_SOURCE=2  -O3 -fno-fast-math -ggdb3 -Wall -Wextra -Wdeprecated-declarations -Wdiv-by-zero -Wduplicated-cond -Wimplicit-function-declaration -Wimplicit-int -Wpointer-arith -Wwrite-strings -Wold-style-definition -Wimplicit-fallthrough=0 -Wmissing-noreturn -Wno-cast-function-type -Wno-constant-logical-operand -Wno-long-long -Wno-missing-field-initializers -Wno-overlength-strings -Wno-packed-bitfield-compat -Wno-parentheses-equality -Wno-self-assign -Wno-tautological-compare -Wno-unused-parameter -Wno-unused-value -Wsuggest-attribute=format -Wsuggest-attribute=noreturn -Wunused-variable -Wmisleading-indentation -Wundef  -fPIC  conftest.c -L. -L/opt/hostedtoolcache/Ruby/4.0.0/x64/lib -Wl,-rpath,/opt/hostedtoolcache/Ruby/4.0.0/x64/lib -L. -fstack-protector-strong -rdynamic -Wl,-export-dynamic -Wl,--no-as-needed      -lssl -lcrypto -Wl,-rpath,/opt/hostedtoolcache/Ruby/4.0.0/x64/lib -L/opt/hostedtoolcache/Ruby/4.0.0/x64/lib -lruby  -lssl -lcrypto -lm -lpthread  -lc"
checked program was:
/* begin */
 1: #include "ruby.h"
 2: 
 3: #include <openssl/evp.h>
 4: 
 5: /*top*/
 6: extern int t(void);
 7: int main(int argc, char **argv)
 8: {
 9:   if (argc > 1000000) {
10:     int (* volatile tp)(void)=(int (*)(void))&t;
11:     printf("%d", (*tp)());
12:   }
13: 
14:   return !!argv[argc];
15: }
16: 
17: int t(void) { EVP_PKEY_check(NULL); return 0; }
/* end */

--------------------

have_func: checking for SSL_CTX_set0_tmp_dh_pkey(NULL, NULL) in openssl/ssl.h... -------------------- yes

LD_LIBRARY_PATH=.:/opt/hostedtoolcache/Ruby/4.0.0/x64/lib LSAN_OPTIONS=detect_leaks=0 "gcc -o conftest -I/opt/hostedtoolcache/Ruby/4.0.0/x64/include/ruby-4.0.0/x86_64-linux -I/opt/hostedtoolcache/Ruby/4.0.0/x64/include/ruby-4.0.0/ruby/backward -I/opt/hostedtoolcache/Ruby/4.0.0/x64/include/ruby-4.0.0 -I.  -DENABLE_PATH_CHECK=0   -fstack-protector-strong -U_FORTIFY_SOURCE -D_FORTIFY_SOURCE=2  -O3 -fno-fast-math -ggdb3 -Wall -Wextra -Wdeprecated-declarations -Wdiv-by-zero -Wduplicated-cond -Wimplicit-function-declaration -Wimplicit-int -Wpointer-arith -Wwrite-strings -Wold-style-definition -Wimplicit-fallthrough=0 -Wmissing-noreturn -Wno-cast-function-type -Wno-constant-logical-operand -Wno-long-long -Wno-missing-field-initializers -Wno-overlength-strings -Wno-packed-bitfield-compat -Wno-parentheses-equality -Wno-self-assign -Wno-tautological-compare -Wno-unused-parameter -Wno-unused-value -Wsuggest-attribute=format -Wsuggest-attribute=noreturn -Wunused-variable -Wmisleading-indentation -Wundef  -fPIC  conftest.c -L. -L/opt/hostedtoolcache/Ruby/4.0.0/x64/lib -Wl,-rpath,/opt/hostedtoolcache/Ruby/4.0.0/x64/lib -L. -fstack-protector-strong -rdynamic -Wl,-export-dynamic -Wl,--no-as-needed      -lssl -lcrypto -Wl,-rpath,/opt/hostedtoolcache/Ruby/4.0.0/x64/lib -L/opt/hostedtoolcache/Ruby/4.0.0/x64/lib -lruby  -lssl -lcrypto -lm -lpthread  -lc"
checked program was:
/* begin */
 1: #include "ruby.h"
 2: 
 3: #include <openssl/ssl.h>
 4: 
 5: /*top*/
 6: extern int t(void);
 7: int main(int argc, char **argv)
 8: {
 9:   if (argc > 1000000) {
10:     int (* volatile tp)(void)=(int (*)(void))&t;
11:     printf("%d", (*tp)());
12:   }
13: 
14:   return !!argv[argc];
15: }
16: 
17: int t(void) { SSL_CTX_set0_tmp_dh_pkey(NULL, NULL); return 0; }
/* end */

--------------------

have_func: checking for ERR_get_error_all(NULL, NULL, NULL, NULL, NULL) in openssl/err.h... -------------------- yes

LD_LIBRARY_PATH=.:/opt/hostedtoolcache/Ruby/4.0.0/x64/lib LSAN_OPTIONS=detect_leaks=0 "gcc -o conftest -I/opt/hostedtoolcache/Ruby/4.0.0/x64/include/ruby-4.0.0/x86_64-linux -I/opt/hostedtoolcache/Ruby/4.0.0/x64/include/ruby-4.0.0/ruby/backward -I/opt/hostedtoolcache/Ruby/4.0.0/x64/include/ruby-4.0.0 -I.  -DENABLE_PATH_CHECK=0   -fstack-protector-strong -U_FORTIFY_SOURCE -D_FORTIFY_SOURCE=2  -O3 -fno-fast-math -ggdb3 -Wall -Wextra -Wdeprecated-declarations -Wdiv-by-zero -Wduplicated-cond -Wimplicit-function-declaration -Wimplicit-int -Wpointer-arith -Wwrite-strings -Wold-style-definition -Wimplicit-fallthrough=0 -Wmissing-noreturn -Wno-cast-function-type -Wno-constant-logical-operand -Wno-long-long -Wno-missing-field-initializers -Wno-overlength-strings -Wno-packed-bitfield-compat -Wno-parentheses-equality -Wno-self-assign -Wno-tautological-compare -Wno-unused-parameter -Wno-unused-value -Wsuggest-attribute=format -Wsuggest-attribute=noreturn -Wunused-variable -Wmisleading-indentation -Wundef  -fPIC  conftest.c -L. -L/opt/hostedtoolcache/Ruby/4.0.0/x64/lib -Wl,-rpath,/opt/hostedtoolcache/Ruby/4.0.0/x64/lib -L. -fstack-protector-strong -rdynamic -Wl,-export-dynamic -Wl,--no-as-needed      -lssl -lcrypto -Wl,-rpath,/opt/hostedtoolcache/Ruby/4.0.0/x64/lib -L/opt/hostedtoolcache/Ruby/4.0.0/x64/lib -lruby  -lssl -lcrypto -lm -lpthread  -lc"
checked program was:
/* begin */
 1: #include "ruby.h"
 2: 
 3: #include <openssl/err.h>
 4: 
 5: /*top*/
 6: extern int t(void);
 7: int main(int argc, char **argv)
 8: {
 9:   if (argc > 1000000) {
10:     int (* volatile tp)(void)=(int (*)(void))&t;
11:     printf("%d", (*tp)());
12:   }
13: 
14:   return !!argv[argc];
15: }
16: 
17: int t(void) { ERR_get_error_all(NULL, NULL, NULL, NULL, NULL); return 0; }
/* end */

--------------------

have_func: checking for SSL_CTX_load_verify_file(NULL, "") in openssl/ssl.h... -------------------- yes

LD_LIBRARY_PATH=.:/opt/hostedtoolcache/Ruby/4.0.0/x64/lib LSAN_OPTIONS=detect_leaks=0 "gcc -o conftest -I/opt/hostedtoolcache/Ruby/4.0.0/x64/include/ruby-4.0.0/x86_64-linux -I/opt/hostedtoolcache/Ruby/4.0.0/x64/include/ruby-4.0.0/ruby/backward -I/opt/hostedtoolcache/Ruby/4.0.0/x64/include/ruby-4.0.0 -I.  -DENABLE_PATH_CHECK=0   -fstack-protector-strong -U_FORTIFY_SOURCE -D_FORTIFY_SOURCE=2  -O3 -fno-fast-math -ggdb3 -Wall -Wextra -Wdeprecated-declarations -Wdiv-by-zero -Wduplicated-cond -Wimplicit-function-declaration -Wimplicit-int -Wpointer-arith -Wwrite-strings -Wold-style-definition -Wimplicit-fallthrough=0 -Wmissing-noreturn -Wno-cast-function-type -Wno-constant-logical-operand -Wno-long-long -Wno-missing-field-initializers -Wno-overlength-strings -Wno-packed-bitfield-compat -Wno-parentheses-equality -Wno-self-assign -Wno-tautological-compare -Wno-unused-parameter -Wno-unused-value -Wsuggest-attribute=format -Wsuggest-attribute=noreturn -Wunused-variable -Wmisleading-indentation -Wundef  -fPIC  conftest.c -L. -L/opt/hostedtoolcache/Ruby/4.0.0/x64/lib -Wl,-rpath,/opt/hostedtoolcache/Ruby/4.0.0/x64/lib -L. -fstack-protector-strong -rdynamic -Wl,-export-dynamic -Wl,--no-as-needed      -lssl -lcrypto -Wl,-rpath,/opt/hostedtoolcache/Ruby/4.0.0/x64/lib -L/opt/hostedtoolcache/Ruby/4.0.0/x64/lib -lruby  -lssl -lcrypto -lm -lpthread  -lc"
checked program was:
/* begin */
 1: #include "ruby.h"
 2: 
 3: #include <openssl/ssl.h>
 4: 
 5: /*top*/
 6: extern int t(void);
 7: int main(int argc, char **argv)
 8: {
 9:   if (argc > 1000000) {
10:     int (* volatile tp)(void)=(int (*)(void))&t;
11:     printf("%d", (*tp)());
12:   }
13: 
14:   return !!argv[argc];
15: }
16: 
17: int t(void) { char s1[1024] = ""; SSL_CTX_load_verify_file(NULL, s1); return 0; }
/* end */

--------------------

have_func: checking for BN_check_prime(NULL, NULL, NULL) in openssl/bn.h... -------------------- yes

LD_LIBRARY_PATH=.:/opt/hostedtoolcache/Ruby/4.0.0/x64/lib LSAN_OPTIONS=detect_leaks=0 "gcc -o conftest -I/opt/hostedtoolcache/Ruby/4.0.0/x64/include/ruby-4.0.0/x86_64-linux -I/opt/hostedtoolcache/Ruby/4.0.0/x64/include/ruby-4.0.0/ruby/backward -I/opt/hostedtoolcache/Ruby/4.0.0/x64/include/ruby-4.0.0 -I.  -DENABLE_PATH_CHECK=0   -fstack-protector-strong -U_FORTIFY_SOURCE -D_FORTIFY_SOURCE=2  -O3 -fno-fast-math -ggdb3 -Wall -Wextra -Wdeprecated-declarations -Wdiv-by-zero -Wduplicated-cond -Wimplicit-function-declaration -Wimplicit-int -Wpointer-arith -Wwrite-strings -Wold-style-definition -Wimplicit-fallthrough=0 -Wmissing-noreturn -Wno-cast-function-type -Wno-constant-logical-operand -Wno-long-long -Wno-missing-field-initializers -Wno-overlength-strings -Wno-packed-bitfield-compat -Wno-parentheses-equality -Wno-self-assign -Wno-tautological-compare -Wno-unused-parameter -Wno-unused-value -Wsuggest-attribute=format -Wsuggest-attribute=noreturn -Wunused-variable -Wmisleading-indentation -Wundef  -fPIC  conftest.c -L. -L/opt/hostedtoolcache/Ruby/4.0.0/x64/lib -Wl,-rpath,/opt/hostedtoolcache/Ruby/4.0.0/x64/lib -L. -fstack-protector-strong -rdynamic -Wl,-export-dynamic -Wl,--no-as-needed      -lssl -lcrypto -Wl,-rpath,/opt/hostedtoolcache/Ruby/4.0.0/x64/lib -L/opt/hostedtoolcache/Ruby/4.0.0/x64/lib -lruby  -lssl -lcrypto -lm -lpthread  -lc"
checked program was:
/* begin */
 1: #include "ruby.h"
 2: 
 3: #include <openssl/bn.h>
 4: 
 5: /*top*/
 6: extern int t(void);
 7: int main(int argc, char **argv)
 8: {
 9:   if (argc > 1000000) {
10:     int (* volatile tp)(void)=(int (*)(void))&t;
11:     printf("%d", (*tp)());
12:   }
13: 
14:   return !!argv[argc];
15: }
16: 
17: int t(void) { BN_check_prime(NULL, NULL, NULL); return 0; }
/* end */

--------------------

have_func: checking for EVP_MD_CTX_get0_md(NULL) in openssl/evp.h... -------------------- yes

LD_LIBRARY_PATH=.:/opt/hostedtoolcache/Ruby/4.0.0/x64/lib LSAN_OPTIONS=detect_leaks=0 "gcc -o conftest -I/opt/hostedtoolcache/Ruby/4.0.0/x64/include/ruby-4.0.0/x86_64-linux -I/opt/hostedtoolcache/Ruby/4.0.0/x64/include/ruby-4.0.0/ruby/backward -I/opt/hostedtoolcache/Ruby/4.0.0/x64/include/ruby-4.0.0 -I.  -DENABLE_PATH_CHECK=0   -fstack-protector-strong -U_FORTIFY_SOURCE -D_FORTIFY_SOURCE=2  -O3 -fno-fast-math -ggdb3 -Wall -Wextra -Wdeprecated-declarations -Wdiv-by-zero -Wduplicated-cond -Wimplicit-function-declaration -Wimplicit-int -Wpointer-arith -Wwrite-strings -Wold-style-definition -Wimplicit-fallthrough=0 -Wmissing-noreturn -Wno-cast-function-type -Wno-constant-logical-operand -Wno-long-long -Wno-missing-field-initializers -Wno-overlength-strings -Wno-packed-bitfield-compat -Wno-parentheses-equality -Wno-self-assign -Wno-tautological-compare -Wno-unused-parameter -Wno-unused-value -Wsuggest-attribute=format -Wsuggest-attribute=noreturn -Wunused-variable -Wmisleading-indentation -Wundef  -fPIC  conftest.c -L. -L/opt/hostedtoolcache/Ruby/4.0.0/x64/lib -Wl,-rpath,/opt/hostedtoolcache/Ruby/4.0.0/x64/lib -L. -fstack-protector-strong -rdynamic -Wl,-export-dynamic -Wl,--no-as-needed      -lssl -lcrypto -Wl,-rpath,/opt/hostedtoolcache/Ruby/4.0.0/x64/lib -L/opt/hostedtoolcache/Ruby/4.0.0/x64/lib -lruby  -lssl -lcrypto -lm -lpthread  -lc"
checked program was:
/* begin */
 1: #include "ruby.h"
 2: 
 3: #include <openssl/evp.h>
 4: 
 5: /*top*/
 6: extern int t(void);
 7: int main(int argc, char **argv)
 8: {
 9:   if (argc > 1000000) {
10:     int (* volatile tp)(void)=(int (*)(void))&t;
11:     printf("%d", (*tp)());
12:   }
13: 
14:   return !!argv[argc];
15: }
16: 
17: int t(void) { EVP_MD_CTX_get0_md(NULL); return 0; }
/* end */

--------------------

have_func: checking for EVP_MD_CTX_get_pkey_ctx(NULL) in openssl/evp.h... -------------------- yes

LD_LIBRARY_PATH=.:/opt/hostedtoolcache/Ruby/4.0.0/x64/lib LSAN_OPTIONS=detect_leaks=0 "gcc -o conftest -I/opt/hostedtoolcache/Ruby/4.0.0/x64/include/ruby-4.0.0/x86_64-linux -I/opt/hostedtoolcache/Ruby/4.0.0/x64/include/ruby-4.0.0/ruby/backward -I/opt/hostedtoolcache/Ruby/4.0.0/x64/include/ruby-4.0.0 -I.  -DENABLE_PATH_CHECK=0   -fstack-protector-strong -U_FORTIFY_SOURCE -D_FORTIFY_SOURCE=2  -O3 -fno-fast-math -ggdb3 -Wall -Wextra -Wdeprecated-declarations -Wdiv-by-zero -Wduplicated-cond -Wimplicit-function-declaration -Wimplicit-int -Wpointer-arith -Wwrite-strings -Wold-style-definition -Wimplicit-fallthrough=0 -Wmissing-noreturn -Wno-cast-function-type -Wno-constant-logical-operand -Wno-long-long -Wno-missing-field-initializers -Wno-overlength-strings -Wno-packed-bitfield-compat -Wno-parentheses-equality -Wno-self-assign -Wno-tautological-compare -Wno-unused-parameter -Wno-unused-value -Wsuggest-attribute=format -Wsuggest-attribute=noreturn -Wunused-variable -Wmisleading-indentation -Wundef  -fPIC  conftest.c -L. -L/opt/hostedtoolcache/Ruby/4.0.0/x64/lib -Wl,-rpath,/opt/hostedtoolcache/Ruby/4.0.0/x64/lib -L. -fstack-protector-strong -rdynamic -Wl,-export-dynamic -Wl,--no-as-needed      -lssl -lcrypto -Wl,-rpath,/opt/hostedtoolcache/Ruby/4.0.0/x64/lib -L/opt/hostedtoolcache/Ruby/4.0.0/x64/lib -lruby  -lssl -lcrypto -lm -lpthread  -lc"
checked program was:
/* begin */
 1: #include "ruby.h"
 2: 
 3: #include <openssl/evp.h>
 4: 
 5: /*top*/
 6: extern int t(void);
 7: int main(int argc, char **argv)
 8: {
 9:   if (argc > 1000000) {
10:     int (* volatile tp)(void)=(int (*)(void))&t;
11:     printf("%d", (*tp)());
12:   }
13: 
14:   return !!argv[argc];
15: }
16: 
17: int t(void) { EVP_MD_CTX_get_pkey_ctx(NULL); return 0; }
/* end */

--------------------

have_func: checking for EVP_PKEY_eq(NULL, NULL) in openssl/evp.h... -------------------- yes

LD_LIBRARY_PATH=.:/opt/hostedtoolcache/Ruby/4.0.0/x64/lib LSAN_OPTIONS=detect_leaks=0 "gcc -o conftest -I/opt/hostedtoolcache/Ruby/4.0.0/x64/include/ruby-4.0.0/x86_64-linux -I/opt/hostedtoolcache/Ruby/4.0.0/x64/include/ruby-4.0.0/ruby/backward -I/opt/hostedtoolcache/Ruby/4.0.0/x64/include/ruby-4.0.0 -I.  -DENABLE_PATH_CHECK=0   -fstack-protector-strong -U_FORTIFY_SOURCE -D_FORTIFY_SOURCE=2  -O3 -fno-fast-math -ggdb3 -Wall -Wextra -Wdeprecated-declarations -Wdiv-by-zero -Wduplicated-cond -Wimplicit-function-declaration -Wimplicit-int -Wpointer-arith -Wwrite-strings -Wold-style-definition -Wimplicit-fallthrough=0 -Wmissing-noreturn -Wno-cast-function-type -Wno-constant-logical-operand -Wno-long-long -Wno-missing-field-initializers -Wno-overlength-strings -Wno-packed-bitfield-compat -Wno-parentheses-equality -Wno-self-assign -Wno-tautological-compare -Wno-unused-parameter -Wno-unused-value -Wsuggest-attribute=format -Wsuggest-attribute=noreturn -Wunused-variable -Wmisleading-indentation -Wundef  -fPIC  conftest.c -L. -L/opt/hostedtoolcache/Ruby/4.0.0/x64/lib -Wl,-rpath,/opt/hostedtoolcache/Ruby/4.0.0/x64/lib -L. -fstack-protector-strong -rdynamic -Wl,-export-dynamic -Wl,--no-as-needed      -lssl -lcrypto -Wl,-rpath,/opt/hostedtoolcache/Ruby/4.0.0/x64/lib -L/opt/hostedtoolcache/Ruby/4.0.0/x64/lib -lruby  -lssl -lcrypto -lm -lpthread  -lc"
checked program was:
/* begin */
 1: #include "ruby.h"
 2: 
 3: #include <openssl/evp.h>
 4: 
 5: /*top*/
 6: extern int t(void);
 7: int main(int argc, char **argv)
 8: {
 9:   if (argc > 1000000) {
10:     int (* volatile tp)(void)=(int (*)(void))&t;
11:     printf("%d", (*tp)());
12:   }
13: 
14:   return !!argv[argc];
15: }
16: 
17: int t(void) { EVP_PKEY_eq(NULL, NULL); return 0; }
/* end */

--------------------

have_func: checking for EVP_PKEY_dup(NULL) in openssl/evp.h... -------------------- yes

LD_LIBRARY_PATH=.:/opt/hostedtoolcache/Ruby/4.0.0/x64/lib LSAN_OPTIONS=detect_leaks=0 "gcc -o conftest -I/opt/hostedtoolcache/Ruby/4.0.0/x64/include/ruby-4.0.0/x86_64-linux -I/opt/hostedtoolcache/Ruby/4.0.0/x64/include/ruby-4.0.0/ruby/backward -I/opt/hostedtoolcache/Ruby/4.0.0/x64/include/ruby-4.0.0 -I.  -DENABLE_PATH_CHECK=0   -fstack-protector-strong -U_FORTIFY_SOURCE -D_FORTIFY_SOURCE=2  -O3 -fno-fast-math -ggdb3 -Wall -Wextra -Wdeprecated-declarations -Wdiv-by-zero -Wduplicated-cond -Wimplicit-function-declaration -Wimplicit-int -Wpointer-arith -Wwrite-strings -Wold-style-definition -Wimplicit-fallthrough=0 -Wmissing-noreturn -Wno-cast-function-type -Wno-constant-logical-operand -Wno-long-long -Wno-missing-field-initializers -Wno-overlength-strings -Wno-packed-bitfield-compat -Wno-parentheses-equality -Wno-self-assign -Wno-tautological-compare -Wno-unused-parameter -Wno-unused-value -Wsuggest-attribute=format -Wsuggest-attribute=noreturn -Wunused-variable -Wmisleading-indentation -Wundef  -fPIC  conftest.c -L. -L/opt/hostedtoolcache/Ruby/4.0.0/x64/lib -Wl,-rpath,/opt/hostedtoolcache/Ruby/4.0.0/x64/lib -L. -fstack-protector-strong -rdynamic -Wl,-export-dynamic -Wl,--no-as-needed      -lssl -lcrypto -Wl,-rpath,/opt/hostedtoolcache/Ruby/4.0.0/x64/lib -L/opt/hostedtoolcache/Ruby/4.0.0/x64/lib -lruby  -lssl -lcrypto -lm -lpthread  -lc"
checked program was:
/* begin */
 1: #include "ruby.h"
 2: 
 3: #include <openssl/evp.h>
 4: 
 5: /*top*/
 6: extern int t(void);
 7: int main(int argc, char **argv)
 8: {
 9:   if (argc > 1000000) {
10:     int (* volatile tp)(void)=(int (*)(void))&t;
11:     printf("%d", (*tp)());
12:   }
13: 
14:   return !!argv[argc];
15: }
16: 
17: int t(void) { EVP_PKEY_dup(NULL); return 0; }
/* end */

--------------------

have_func: checking for SSL_get0_group_name(NULL) in openssl/ssl.h... -------------------- no

LD_LIBRARY_PATH=.:/opt/hostedtoolcache/Ruby/4.0.0/x64/lib LSAN_OPTIONS=detect_leaks=0 "gcc -o conftest -I/opt/hostedtoolcache/Ruby/4.0.0/x64/include/ruby-4.0.0/x86_64-linux -I/opt/hostedtoolcache/Ruby/4.0.0/x64/include/ruby-4.0.0/ruby/backward -I/opt/hostedtoolcache/Ruby/4.0.0/x64/include/ruby-4.0.0 -I.  -DENABLE_PATH_CHECK=0   -fstack-protector-strong -U_FORTIFY_SOURCE -D_FORTIFY_SOURCE=2  -O3 -fno-fast-math -ggdb3 -Wall -Wextra -Wdeprecated-declarations -Wdiv-by-zero -Wduplicated-cond -Wimplicit-function-declaration -Wimplicit-int -Wpointer-arith -Wwrite-strings -Wold-style-definition -Wimplicit-fallthrough=0 -Wmissing-noreturn -Wno-cast-function-type -Wno-constant-logical-operand -Wno-long-long -Wno-missing-field-initializers -Wno-overlength-strings -Wno-packed-bitfield-compat -Wno-parentheses-equality -Wno-self-assign -Wno-tautological-compare -Wno-unused-parameter -Wno-unused-value -Wsuggest-attribute=format -Wsuggest-attribute=noreturn -Wunused-variable -Wmisleading-indentation -Wundef  -fPIC  conftest.c -L. -L/opt/hostedtoolcache/Ruby/4.0.0/x64/lib -Wl,-rpath,/opt/hostedtoolcache/Ruby/4.0.0/x64/lib -L. -fstack-protector-strong -rdynamic -Wl,-export-dynamic -Wl,--no-as-needed      -lssl -lcrypto -Wl,-rpath,/opt/hostedtoolcache/Ruby/4.0.0/x64/lib -L/opt/hostedtoolcache/Ruby/4.0.0/x64/lib -lruby  -lssl -lcrypto -lm -lpthread  -lc"
conftest.c: In function ‘t’:
conftest.c:17:15: warning: implicit declaration of function ‘SSL_get0_group_name’; did you mean ‘SSL_get0_peername’? [-Wimplicit-function-declaration]
   17 | int t(void) { SSL_get0_group_name(NULL); return 0; }
      |               ^~~~~~~~~~~~~~~~~~~
      |               SSL_get0_peername
At top level:
cc1: note: unrecognized command-line option ‘-Wno-self-assign’ may have been intended to silence earlier diagnostics
cc1: note: unrecognized command-line option ‘-Wno-parentheses-equality’ may have been intended to silence earlier diagnostics
cc1: note: unrecognized command-line option ‘-Wno-constant-logical-operand’ may have been intended to silence earlier diagnostics
/usr/bin/ld: /tmp/ccpE4w8D.o: in function `t':
/home/runner/work/peddler/peddler/vendor/bundle/ruby/4.0.0/gems/openssl-4.0.0/ext/openssl/conftest.c:17:(.text+0xd): undefined reference to `SSL_get0_group_name'
collect2: error: ld returned 1 exit status
checked program was:
/* begin */
 1: #include "ruby.h"
 2: 
 3: #include <openssl/ssl.h>
 4: 
 5: /*top*/
 6: extern int t(void);
 7: int main(int argc, char **argv)
 8: {
 9:   if (argc > 1000000) {
10:     int (* volatile tp)(void)=(int (*)(void))&t;
11:     printf("%d", (*tp)());
12:   }
13: 
14:   return !!argv[argc];
15: }
16: 
17: int t(void) { SSL_get0_group_name(NULL); return 0; }
/* end */

--------------------

have_func: checking for TS_VERIFY_CTX_set0_certs(NULL, NULL) in openssl/ts.h... -------------------- no

LD_LIBRARY_PATH=.:/opt/hostedtoolcache/Ruby/4.0.0/x64/lib LSAN_OPTIONS=detect_leaks=0 "gcc -o conftest -I/opt/hostedtoolcache/Ruby/4.0.0/x64/include/ruby-4.0.0/x86_64-linux -I/opt/hostedtoolcache/Ruby/4.0.0/x64/include/ruby-4.0.0/ruby/backward -I/opt/hostedtoolcache/Ruby/4.0.0/x64/include/ruby-4.0.0 -I.  -DENABLE_PATH_CHECK=0   -fstack-protector-strong -U_FORTIFY_SOURCE -D_FORTIFY_SOURCE=2  -O3 -fno-fast-math -ggdb3 -Wall -Wextra -Wdeprecated-declarations -Wdiv-by-zero -Wduplicated-cond -Wimplicit-function-declaration -Wimplicit-int -Wpointer-arith -Wwrite-strings -Wold-style-definition -Wimplicit-fallthrough=0 -Wmissing-noreturn -Wno-cast-function-type -Wno-constant-logical-operand -Wno-long-long -Wno-missing-field-initializers -Wno-overlength-strings -Wno-packed-bitfield-compat -Wno-parentheses-equality -Wno-self-assign -Wno-tautological-compare -Wno-unused-parameter -Wno-unused-value -Wsuggest-attribute=format -Wsuggest-attribute=noreturn -Wunused-variable -Wmisleading-indentation -Wundef  -fPIC  conftest.c -L. -L/opt/hostedtoolcache/Ruby/4.0.0/x64/lib -Wl,-rpath,/opt/hostedtoolcache/Ruby/4.0.0/x64/lib -L. -fstack-protector-strong -rdynamic -Wl,-export-dynamic -Wl,--no-as-needed      -lssl -lcrypto -Wl,-rpath,/opt/hostedtoolcache/Ruby/4.0.0/x64/lib -L/opt/hostedtoolcache/Ruby/4.0.0/x64/lib -lruby  -lssl -lcrypto -lm -lpthread  -lc"
conftest.c: In function ‘t’:
conftest.c:17:15: warning: implicit declaration of function ‘TS_VERIFY_CTX_set0_certs’; did you mean ‘TS_VERIFY_CTX_set_certs’? [-Wimplicit-function-declaration]
   17 | int t(void) { TS_VERIFY_CTX_set0_certs(NULL, NULL); return 0; }
      |               ^~~~~~~~~~~~~~~~~~~~~~~~
      |               TS_VERIFY_CTX_set_certs
At top level:
cc1: note: unrecognized command-line option ‘-Wno-self-assign’ may have been intended to silence earlier diagnostics
cc1: note: unrecognized command-line option ‘-Wno-parentheses-equality’ may have been intended to silence earlier diagnostics
cc1: note: unrecognized command-line option ‘-Wno-constant-logical-operand’ may have been intended to silence earlier diagnostics
/usr/bin/ld: /tmp/cc53I6vu.o: in function `t':
/home/runner/work/peddler/peddler/vendor/bundle/ruby/4.0.0/gems/openssl-4.0.0/ext/openssl/conftest.c:17:(.text+0xf): undefined reference to `TS_VERIFY_CTX_set0_certs'
collect2: error: ld returned 1 exit status
checked program was:
/* begin */
 1: #include "ruby.h"
 2: 
 3: #include <openssl/ts.h>
 4: 
 5: /*top*/
 6: extern int t(void);
 7: int main(int argc, char **argv)
 8: {
 9:   if (argc > 1000000) {
10:     int (* volatile tp)(void)=(int (*)(void))&t;
11:     printf("%d", (*tp)());
12:   }
13: 
14:   return !!argv[argc];
15: }
16: 
17: int t(void) { TS_VERIFY_CTX_set0_certs(NULL, NULL); return 0; }
/* end */

--------------------

have_func: checking for SSL_get0_peer_signature_name(NULL, NULL) in openssl/ssl.h... -------------------- no

LD_LIBRARY_PATH=.:/opt/hostedtoolcache/Ruby/4.0.0/x64/lib LSAN_OPTIONS=detect_leaks=0 "gcc -o conftest -I/opt/hostedtoolcache/Ruby/4.0.0/x64/include/ruby-4.0.0/x86_64-linux -I/opt/hostedtoolcache/Ruby/4.0.0/x64/include/ruby-4.0.0/ruby/backward -I/opt/hostedtoolcache/Ruby/4.0.0/x64/include/ruby-4.0.0 -I.  -DENABLE_PATH_CHECK=0   -fstack-protector-strong -U_FORTIFY_SOURCE -D_FORTIFY_SOURCE=2  -O3 -fno-fast-math -ggdb3 -Wall -Wextra -Wdeprecated-declarations -Wdiv-by-zero -Wduplicated-cond -Wimplicit-function-declaration -Wimplicit-int -Wpointer-arith -Wwrite-strings -Wold-style-definition -Wimplicit-fallthrough=0 -Wmissing-noreturn -Wno-cast-function-type -Wno-constant-logical-operand -Wno-long-long -Wno-missing-field-initializers -Wno-overlength-strings -Wno-packed-bitfield-compat -Wno-parentheses-equality -Wno-self-assign -Wno-tautological-compare -Wno-unused-parameter -Wno-unused-value -Wsuggest-attribute=format -Wsuggest-attribute=noreturn -Wunused-variable -Wmisleading-indentation -Wundef  -fPIC  conftest.c -L. -L/opt/hostedtoolcache/Ruby/4.0.0/x64/lib -Wl,-rpath,/opt/hostedtoolcache/Ruby/4.0.0/x64/lib -L. -fstack-protector-strong -rdynamic -Wl,-export-dynamic -Wl,--no-as-needed      -lssl -lcrypto -Wl,-rpath,/opt/hostedtoolcache/Ruby/4.0.0/x64/lib -L/opt/hostedtoolcache/Ruby/4.0.0/x64/lib -lruby  -lssl -lcrypto -lm -lpthread  -lc"
conftest.c: In function ‘t’:
conftest.c:17:15: warning: implicit declaration of function ‘SSL_get0_peer_signature_name’; did you mean ‘SSL_get_peer_signature_nid’? [-Wimplicit-function-declaration]
   17 | int t(void) { SSL_get0_peer_signature_name(NULL, NULL); return 0; }
      |               ^~~~~~~~~~~~~~~~~~~~~~~~~~~~
      |               SSL_get_peer_signature_nid
At top level:
cc1: note: unrecognized command-line option ‘-Wno-self-assign’ may have been intended to silence earlier diagnostics
cc1: note: unrecognized command-line option ‘-Wno-parentheses-equality’ may have been intended to silence earlier diagnostics
cc1: note: unrecognized command-line option ‘-Wno-constant-logical-operand’ may have been intended to silence earlier diagnostics
/usr/bin/ld: /tmp/ccw7pNlL.o: in function `t':
/home/runner/work/peddler/peddler/vendor/bundle/ruby/4.0.0/gems/openssl-4.0.0/ext/openssl/conftest.c:17:(.text+0xf): undefined reference to `SSL_get0_peer_signature_name'
collect2: error: ld returned 1 exit status
checked program was:
/* begin */
 1: #include "ruby.h"
 2: 
 3: #include <openssl/ssl.h>
 4: 
 5: /*top*/
 6: extern int t(void);
 7: int main(int argc, char **argv)
 8: {
 9:   if (argc > 1000000) {
10:     int (* volatile tp)(void)=(int (*)(void))&t;
11:     printf("%d", (*tp)());
12:   }
13: 
14:   return !!argv[argc];
15: }
16: 
17: int t(void) { SSL_get0_peer_signature_name(NULL, NULL); return 0; }
/* end */

--------------------

=== Checking done. ===
extconf.h is:
/* begin */
 1: #ifndef EXTCONF_H
 2: #define EXTCONF_H
 3: #define OPENSSL_SUPPRESS_DEPRECATED 1
 4: #define HAVE_RB_CALL_SUPER_KW 1
 5: #define HAVE_RB_IO_DESCRIPTOR 1
 6: #define HAVE_RB_IO_MAYBE_WAIT 1
 7: #define HAVE_RB_IO_TIMEOUT 1
 8: #define HAVE_OPENSSL_SSL_H 1
 9: #define HAVE_SSL_CTX_SET1_SIGALGS_LIST 1
10: #define HAVE_SSL_CTX_SET1_CLIENT_SIGALGS_LIST 1
11: #define HAVE_EVP_PBE_SCRYPT 1
12: #define HAVE_EVP_PKEY_CHECK 1
13: #define HAVE_SSL_CTX_SET0_TMP_DH_PKEY 1
14: #define HAVE_ERR_GET_ERROR_ALL 1
15: #define HAVE_SSL_CTX_LOAD_VERIFY_FILE 1
16: #define HAVE_BN_CHECK_PRIME 1
17: #define HAVE_EVP_MD_CTX_GET0_MD 1
18: #define HAVE_EVP_MD_CTX_GET_PKEY_CTX 1
19: #define HAVE_EVP_PKEY_EQ 1
20: #define HAVE_EVP_PKEY_DUP 1
21: #endif
/* end */

Done.
